<?xml version="1.0" encoding="UTF-8" ?>
<testsuites disabled="0" errors="0" failures="1" tests="1" time="3.543">
 <testsuite name="Real time website Practice" timestamp="2022-03-02T10:52:44" hostname="localhost" time="3.543" errors="0" tests="1" skipped="0" disabled="0" failures="1">
  <testcase classname="Real time website Practice" name="Real time website practice" time="3.539">
   <failure type="toEqual" message="Expected 1 to equal 0."><![CDATA[Error: Failed expectation
    at E:\Protractor\Project\Practice.js:31:32
    at ManagedPromise.invokeCallback_ (C:\Users\K H I T I S H\AppData\Roaming\npm\node_modules\protractor\node_modules\selenium-webdriver\lib\promise.js:1376:14)
    at TaskQueue.execute_ (C:\Users\K H I T I S H\AppData\Roaming\npm\node_modules\protractor\node_modules\selenium-webdriver\lib\promise.js:3084:14)
    at TaskQueue.executeNext_ (C:\Users\K H I T I S H\AppData\Roaming\npm\node_modules\protractor\node_modules\selenium-webdriver\lib\promise.js:3067:27)
    at C:\Users\K H I T I S H\AppData\Roaming\npm\node_modules\protractor\node_modules\selenium-webdriver\lib\promise.js:2927:27
    at C:\Users\K H I T I S H\AppData\Roaming\npm\node_modules\protractor\node_modules\selenium-webdriver\lib\promise.js:668:7
    at processTicksAndRejections (internal/process/task_queues.js:95:5)]]>
   </failure>
  </testcase>
 </testsuite>
</testsuites>